# JRE version: OpenJDK Runtime Environment (8.0_242-b01) (build 1.8.0_242-release-1644-b01)
# Java VM: OpenJDK 64-Bit Server VM (25.242-b01 mixed mode windows-amd64 compressed oops)
Heap:
 PSYoungGen      total 93184K, used 42740K [0x00000000d8380000, 0x00000000de880000, 0x0000000100000000)
  eden space 82944K, 51% used [0x00000000d8380000,0x00000000dad3d118,0x00000000dd480000)
  from space 10240K, 0% used [0x00000000dd480000,0x00000000dd480000,0x00000000dde80000)
  to   space 9728K, 0% used [0x00000000ddf00000,0x00000000ddf00000,0x00000000de880000)
 ParOldGen       total 47616K, used 45984K [0x0000000088a00000, 0x000000008b880000, 0x00000000d8380000)
  object space 47616K, 96% used [0x0000000088a00000,0x000000008b6e83f0,0x000000008b880000)
 Metaspace       used 31750K, capacity 34574K, committed 34944K, reserved 1079296K
  class space    used 3447K, capacity 4357K, committed 4480K, reserved 1048576K
GC Heap History (10 events):
Event: 17.238 GC heap before
{Heap before GC invocations=14 (full 1):
 PSYoungGen      total 92672K, used 76934K [0x00000000d8380000, 0x00000000de880000, 0x0000000100000000)
  eden space 82944K, 90% used [0x00000000d8380000,0x00000000dcc89cc8,0x00000000dd480000)
  from space 9728K, 22% used [0x00000000ddf00000,0x00000000de117d38,0x00000000de880000)
  to   space 10240K, 0% used [0x00000000dd480000,0x00000000dd480000,0x00000000dde80000)
 ParOldGen       total 47616K, used 10203K [0x0000000088a00000, 0x000000008b880000, 0x00000000d8380000)
  object space 47616K, 21% used [0x0000000088a00000,0x00000000893f6f30,0x000000008b880000)
 Metaspace       used 25176K, capacity 26616K, committed 26880K, reserved 1073152K
  class space    used 2748K, capacity 3287K, committed 3328K, reserved 1048576K
Event: 17.247 GC heap after
Heap after GC invocations=14 (full 1):
 PSYoungGen      total 93184K, used 2799K [0x00000000d8380000, 0x00000000de880000, 0x0000000100000000)
  eden space 82944K, 0% used [0x00000000d8380000,0x00000000d8380000,0x00000000dd480000)
  from space 10240K, 27% used [0x00000000dd480000,0x00000000dd73bee8,0x00000000dde80000)
  to   space 9728K, 0% used [0x00000000ddf00000,0x00000000ddf00000,0x00000000de880000)
 ParOldGen       total 47616K, used 10827K [0x0000000088a00000, 0x000000008b880000, 0x00000000d8380000)
  object space 47616K, 22% used [0x0000000088a00000,0x0000000089492f30,0x000000008b880000)
 Metaspace       used 25176K, capacity 26616K, committed 26880K, reserved 1073152K
  class space    used 2748K, capacity 3287K, committed 3328K, reserved 1048576K
}
Event: 18.504 GC heap before
{Heap before GC invocations=15 (full 1):
 PSYoungGen      total 93184K, used 85743K [0x00000000d8380000, 0x00000000de880000, 0x0000000100000000)
  eden space 82944K, 100% used [0x00000000d8380000,0x00000000dd480000,0x00000000dd480000)
  from space 10240K, 27% used [0x00000000dd480000,0x00000000dd73bee8,0x00000000dde80000)
  to   space 9728K, 0% used [0x00000000ddf00000,0x00000000ddf00000,0x00000000de880000)
 ParOldGen       total 47616K, used 10827K [0x0000000088a00000, 0x000000008b880000, 0x00000000d8380000)
  object space 47616K, 22% used [0x0000000088a00000,0x0000000089492f30,0x000000008b880000)
 Metaspace       used 27205K, capacity 29762K, committed 29824K, reserved 1075200K
  class space    used 3133K, capacity 3959K, committed 3968K, reserved 1048576K
Event: 18.605 GC heap after
Heap after GC invocations=15 (full 1):
 PSYoungGen      total 93184K, used 85743K [0x00000000d8380000, 0x00000000de880000, 0x0000000100000000)
  eden space 82944K, 100% used [0x00000000d8380000,0x00000000dd480000,0x00000000dd480000)
  from space 10240K, 27% used [0x00000000dd480000,0x00000000dd73bee8,0x00000000dde80000)
  to   space 9728K, 45% used [0x00000000ddf00000,0x00000000de353560,0x00000000de880000)
 ParOldGen       total 47616K, used 40956K [0x0000000088a00000, 0x000000008b880000, 0x00000000d8380000)
  object space 47616K, 86% used [0x0000000088a00000,0x000000008b1ff3f0,0x000000008b880000)
 Metaspace       used 27205K, capacity 29762K, committed 29824K, reserved 1075200K
  class space    used 3133K, capacity 3959K, committed 3968K, reserved 1048576K
}
Event: 18.605 GC heap before
{Heap before GC invocations=16 (full 2):
 PSYoungGen      total 93184K, used 85743K [0x00000000d8380000, 0x00000000de880000, 0x0000000100000000)
  eden space 82944K, 100% used [0x00000000d8380000,0x00000000dd480000,0x00000000dd480000)
  from space 10240K, 27% used [0x00000000dd480000,0x00000000dd73bee8,0x00000000dde80000)
  to   space 9728K, 45% used [0x00000000ddf00000,0x00000000de353560,0x00000000de880000)
 ParOldGen       total 47616K, used 40956K [0x0000000088a00000, 0x000000008b880000, 0x00000000d8380000)
  object space 47616K, 86% used [0x0000000088a00000,0x000000008b1ff3f0,0x000000008b880000)
 Metaspace       used 27205K, capacity 29762K, committed 29824K, reserved 1075200K
  class space    used 3133K, capacity 3959K, committed 3968K, reserved 1048576K
Event: 18.703 GC heap after
Heap after GC invocations=16 (full 2):
 PSYoungGen      total 93184K, used 0K [0x00000000d8380000, 0x00000000de880000, 0x0000000100000000)
  eden space 82944K, 0% used [0x00000000d8380000,0x00000000d8380000,0x00000000dd480000)
  from space 10240K, 0% used [0x00000000dd480000,0x00000000dd480000,0x00000000dde80000)
  to   space 9728K, 0% used [0x00000000ddf00000,0x00000000ddf00000,0x00000000de880000)
 ParOldGen       total 47616K, used 45268K [0x0000000088a00000, 0x000000008b880000, 0x00000000d8380000)
  object space 47616K, 95% used [0x0000000088a00000,0x000000008b635268,0x000000008b880000)
 Metaspace       used 27205K, capacity 29762K, committed 29824K, reserved 1075200K
  class space    used 3133K, capacity 3959K, committed 3968K, reserved 1048576K
}
Event: 19.481 GC heap before
{Heap before GC invocations=17 (full 3):
 PSYoungGen      total 93184K, used 82944K [0x00000000d8380000, 0x00000000de880000, 0x0000000100000000)
  eden space 82944K, 100% used [0x00000000d8380000,0x00000000dd480000,0x00000000dd480000)
  from space 10240K, 0% used [0x00000000dd480000,0x00000000dd480000,0x00000000dde80000)
  to   space 9728K, 0% used [0x00000000ddf00000,0x00000000ddf00000,0x00000000de880000)
 ParOldGen       total 47616K, used 45268K [0x0000000088a00000, 0x000000008b880000, 0x00000000d8380000)
  object space 47616K, 95% used [0x0000000088a00000,0x000000008b635268,0x000000008b880000)
 Metaspace       used 29363K, capacity 32146K, committed 32384K, reserved 1077248K
  class space    used 3315K, capacity 4209K, committed 4224K, reserved 1048576K
Event: 19.697 GC heap after
Heap after GC invocations=17 (full 3):
 PSYoungGen      total 93184K, used 0K [0x00000000d8380000, 0x00000000de880000, 0x0000000100000000)
  eden space 82944K, 0% used [0x00000000d8380000,0x00000000d8380000,0x00000000dd480000)
  from space 10240K, 0% used [0x00000000dd480000,0x00000000dd480000,0x00000000dde80000)
  to   space 9728K, 0% used [0x00000000ddf00000,0x00000000ddf00000,0x00000000de880000)
 ParOldGen       total 47616K, used 45371K [0x0000000088a00000, 0x000000008b880000, 0x00000000d8380000)
  object space 47616K, 95% used [0x0000000088a00000,0x000000008b64eea0,0x000000008b880000)
 Metaspace       used 29363K, capacity 32146K, committed 32384K, reserved 1077248K
  class space    used 3315K, capacity 4209K, committed 4224K, reserved 1048576K
}
Event: 20.156 GC heap before
{Heap before GC invocations=18 (full 4):
 PSYoungGen      total 93184K, used 82944K [0x00000000d8380000, 0x00000000de880000, 0x0000000100000000)
  eden space 82944K, 100% used [0x00000000d8380000,0x00000000dd480000,0x00000000dd480000)
  from space 10240K, 0% used [0x00000000dd480000,0x00000000dd480000,0x00000000dde80000)
  to   space 9728K, 0% used [0x00000000ddf00000,0x00000000ddf00000,0x00000000de880000)
 ParOldGen       total 47616K, used 45371K [0x0000000088a00000, 0x000000008b880000, 0x00000000d8380000)
  object space 47616K, 95% used [0x0000000088a00000,0x000000008b64eea0,0x000000008b880000)
 Metaspace       used 30952K, capacity 33738K, committed 34048K, reserved 1079296K
  class space    used 3395K, capacity 4293K, committed 4352K, reserved 1048576K
Event: 20.233 GC heap after
Heap after GC invocations=18 (full 4):
 PSYoungGen      total 93184K, used 0K [0x00000000d8380000, 0x00000000de880000, 0x0000000100000000)
  eden space 82944K, 0% used [0x00000000d8380000,0x00000000d8380000,0x00000000dd480000)
  from space 10240K, 0% used [0x00000000dd480000,0x00000000dd480000,0x00000000dde80000)
  to   space 9728K, 0% used [0x00000000ddf00000,0x00000000ddf00000,0x00000000de880000)
 ParOldGen       total 47616K, used 45984K [0x0000000088a00000, 0x000000008b880000, 0x00000000d8380000)
  object space 47616K, 96% used [0x0000000088a00000,0x000000008b6e83f0,0x000000008b880000)
 Metaspace       used 30952K, capacity 33738K, committed 34048K, reserved 1079296K
  class space    used 3395K, capacity 4293K, committed 4352K, reserved 1048576K
}

